Started GET "/" for 127.0.0.1 at 2017-08-02 23:12:56 -0700
Processing by Rails::WelcomeController#index as HTML
  Rendering /home/nykimberly/.rvm/gems/ruby-2.4.0@myapp/gems/railties-5.1.2/lib/rails/templates/rails/welcome/index.html.erb
  Rendered /home/nykimberly/.rvm/gems/ruby-2.4.0@myapp/gems/railties-5.1.2/lib/rails/templates/rails/welcome/index.html.erb (3.0ms)
Completed 200 OK in 161ms (Views: 6.7ms)


Started GET "/" for 127.0.0.1 at 2017-08-02 23:13:19 -0700
Processing by Rails::WelcomeController#index as HTML
  Rendering /home/nykimberly/.rvm/gems/ruby-2.4.0@myapp/gems/railties-5.1.2/lib/rails/templates/rails/welcome/index.html.erb
  Rendered /home/nykimberly/.rvm/gems/ruby-2.4.0@myapp/gems/railties-5.1.2/lib/rails/templates/rails/welcome/index.html.erb (2.6ms)
Completed 200 OK in 171ms (Views: 8.6ms)


Started GET "/" for 127.0.0.1 at 2017-08-03 19:45:06 -0700
Processing by Rails::WelcomeController#index as HTML
  Rendering /home/nykimberly/.rvm/gems/ruby-2.4.0@myapp/gems/railties-5.1.2/lib/rails/templates/rails/welcome/index.html.erb
  Rendered /home/nykimberly/.rvm/gems/ruby-2.4.0@myapp/gems/railties-5.1.2/lib/rails/templates/rails/welcome/index.html.erb (8.0ms)
Completed 200 OK in 568ms (Views: 25.4ms)


Started GET "/" for 127.0.0.1 at 2017-08-04 20:13:18 -0700
Processing by Rails::WelcomeController#index as HTML
  Rendering /var/lib/gems/2.3.0/gems/railties-5.1.2/lib/rails/templates/rails/welcome/index.html.erb
  Rendered /var/lib/gems/2.3.0/gems/railties-5.1.2/lib/rails/templates/rails/welcome/index.html.erb (3.2ms)
Completed 200 OK in 162ms (Views: 7.9ms)


Started GET "/" for 127.0.0.1 at 2017-08-04 20:24:00 -0700
Processing by Rails::WelcomeController#index as HTML
  Rendering /var/lib/gems/2.3.0/gems/railties-5.1.2/lib/rails/templates/rails/welcome/index.html.erb
  Rendered /var/lib/gems/2.3.0/gems/railties-5.1.2/lib/rails/templates/rails/welcome/index.html.erb (3.8ms)
Completed 200 OK in 198ms (Views: 11.1ms)


